<?xml version="1.0" encoding="UTF-8"?>
<!-- Generated by org.testng.reporters.JUnitXMLReporter -->
<testsuite hostname="Shivansh-PC" ignored="1" name="Default test(failed)" tests="1" failures="1" timestamp="16 Dec 2022 16:20:54 GMT" time="11.93" errors="0">
  <testcase name="verifyTest" time="0.021" classname="com.prm.testcase.LoginFunctinality">
    <failure type="java.lang.AssertionError" message="expected [true] but found [false]">
      <![CDATA[java.lang.AssertionError: expected [true] but found [false]
at com.prm.testcase.LoginFunctinality.verifyTest(LoginFunctinality.java:47)
... Removed 29 stack frames]]>
    </failure>
  </testcase> <!-- verifyTest -->
  <testcase name="verifyValidLogin" time="0.0" classname="com.prm.testcase.LoginFunctinality">
    <ignored/>
  </testcase> <!-- verifyValidLogin -->
</testsuite> <!-- Default test(failed) -->
